<?xml version="1.0" encoding="UTF-8"?>
<testsuite xmlns:xsi="http://www.w3.org/2001/XMLSchema-instance" xsi:noNamespaceSchemaLocation="https://maven.apache.org/surefire/maven-surefire-plugin/xsd/surefire-test-report.xsd" name="com.itsudparis.application.AppTest" time="0.049" tests="1" errors="0" skipped="0" failures="0">
  <properties>
    <property name="awt.toolkit" value="sun.awt.X11.XToolkit"/>
    <property name="java.specification.version" value="11"/>
    <property name="sun.cpu.isalist" value=""/>
    <property name="sun.jnu.encoding" value="UTF-8"/>
    <property name="java.class.path" value="/home/ilyes/ASR/csc5005/projetRule/demo/target/test-classes:/home/ilyes/ASR/csc5005/projetRule/demo/target/classes:/home/ilyes/.m2/repository/com/googlecode/json-simple/json-simple/1.1.1/json-simple-1.1.1.jar:/home/ilyes/.m2/repository/com/google/code/gson/gson/2.8.9/gson-2.8.9.jar:/home/ilyes/.m2/repository/com/hp/hpl/jena/jena/2.6.4/jena-2.6.4.jar:/home/ilyes/.m2/repository/com/hp/hpl/jena/iri/0.8/iri-0.8.jar:/home/ilyes/.m2/repository/com/ibm/icu/icu4j/3.4.4/icu4j-3.4.4.jar:/home/ilyes/.m2/repository/xerces/xercesImpl/2.7.1/xercesImpl-2.7.1.jar:/home/ilyes/.m2/repository/org/slf4j/slf4j-api/1.5.8/slf4j-api-1.5.8.jar:/home/ilyes/.m2/repository/org/slf4j/slf4j-log4j12/1.5.8/slf4j-log4j12-1.5.8.jar:/home/ilyes/.m2/repository/junit/junit/4.11/junit-4.11.jar:/home/ilyes/.m2/repository/org/hamcrest/hamcrest-core/1.3/hamcrest-core-1.3.jar:/home/ilyes/.m2/repository/org/apache/jena/jena-shacl/4.3.2/jena-shacl-4.3.2.jar:/home/ilyes/.m2/repository/org/apache/jena/jena-arq/4.3.2/jena-arq-4.3.2.jar:/home/ilyes/.m2/repository/org/apache/jena/jena-core/4.3.2/jena-core-4.3.2.jar:/home/ilyes/.m2/repository/org/apache/jena/jena-base/4.3.2/jena-base-4.3.2.jar:/home/ilyes/.m2/repository/org/apache/jena/jena-shaded-guava/4.3.2/jena-shaded-guava-4.3.2.jar:/home/ilyes/.m2/repository/org/apache/commons/commons-csv/1.9.0/commons-csv-1.9.0.jar:/home/ilyes/.m2/repository/commons-codec/commons-codec/1.15/commons-codec-1.15.jar:/home/ilyes/.m2/repository/org/apache/commons/commons-compress/1.21/commons-compress-1.21.jar:/home/ilyes/.m2/repository/com/github/andrewoma/dexx/collection/0.7/collection-0.7.jar:/home/ilyes/.m2/repository/org/apache/jena/jena-iri/4.3.2/jena-iri-4.3.2.jar:/home/ilyes/.m2/repository/commons-cli/commons-cli/1.5.0/commons-cli-1.5.0.jar:/home/ilyes/.m2/repository/org/apache/httpcomponents/httpclient/4.5.13/httpclient-4.5.13.jar:/home/ilyes/.m2/repository/org/apache/httpcomponents/httpcore/4.4.13/httpcore-4.4.13.jar:/home/ilyes/.m2/repository/com/github/jsonld-java/jsonld-java/0.13.3/jsonld-java-0.13.3.jar:/home/ilyes/.m2/repository/commons-io/commons-io/2.8.0/commons-io-2.8.0.jar:/home/ilyes/.m2/repository/com/apicatalog/titanium-json-ld/1.1.0/titanium-json-ld-1.1.0.jar:/home/ilyes/.m2/repository/org/glassfish/jakarta.json/2.0.1/jakarta.json-2.0.1.jar:/home/ilyes/.m2/repository/com/fasterxml/jackson/core/jackson-core/2.13.0/jackson-core-2.13.0.jar:/home/ilyes/.m2/repository/com/fasterxml/jackson/core/jackson-databind/2.13.0/jackson-databind-2.13.0.jar:/home/ilyes/.m2/repository/com/fasterxml/jackson/core/jackson-annotations/2.13.0/jackson-annotations-2.13.0.jar:/home/ilyes/.m2/repository/org/apache/httpcomponents/httpclient-cache/4.5.13/httpclient-cache-4.5.13.jar:/home/ilyes/.m2/repository/com/google/protobuf/protobuf-java/3.17.3/protobuf-java-3.17.3.jar:/home/ilyes/.m2/repository/org/apache/thrift/libthrift/0.15.0/libthrift-0.15.0.jar:/home/ilyes/.m2/repository/javax/annotation/javax.annotation-api/1.3.2/javax.annotation-api-1.3.2.jar:/home/ilyes/.m2/repository/org/slf4j/jcl-over-slf4j/1.7.32/jcl-over-slf4j-1.7.32.jar:/home/ilyes/.m2/repository/org/apache/commons/commons-lang3/3.12.0/commons-lang3-3.12.0.jar:/home/ilyes/.m2/repository/org/apache/jena/jena-shex/4.3.2/jena-shex-4.3.2.jar:/home/ilyes/.m2/repository/org/apache/jena/jena-tdb/4.3.2/jena-tdb-4.3.2.jar:/home/ilyes/.m2/repository/org/apache/jena/jena-tdb2/4.3.2/jena-tdb2-4.3.2.jar:/home/ilyes/.m2/repository/org/apache/jena/jena-dboe-storage/4.3.2/jena-dboe-storage-4.3.2.jar:/home/ilyes/.m2/repository/org/apache/jena/jena-dboe-trans-data/4.3.2/jena-dboe-trans-data-4.3.2.jar:/home/ilyes/.m2/repository/org/apache/jena/jena-dboe-transaction/4.3.2/jena-dboe-transaction-4.3.2.jar:/home/ilyes/.m2/repository/org/apache/jena/jena-dboe-base/4.3.2/jena-dboe-base-4.3.2.jar:/home/ilyes/.m2/repository/org/apache/jena/jena-dboe-index/4.3.2/jena-dboe-index-4.3.2.jar:/home/ilyes/.m2/repository/org/apache/jena/jena-rdfconnection/4.3.2/jena-rdfconnection-4.3.2.jar:/home/ilyes/.m2/repository/log4j/log4j/1.2.17/log4j-1.2.17.jar:/home/ilyes/.m2/repository/com/hp/hpl/jena/arq/2.8.3/arq-2.8.3.jar:/home/ilyes/.m2/repository/org/codehaus/woodstox/wstx-asl/3.2.9/wstx-asl-3.2.9.jar:/home/ilyes/.m2/repository/stax/stax-api/1.0.1/stax-api-1.0.1.jar:/home/ilyes/.m2/repository/org/apache/lucene/lucene-core/2.3.1/lucene-core-2.3.1.jar:"/>
    <property name="java.vm.vendor" value="Ubuntu"/>
    <property name="sun.arch.data.model" value="64"/>
    <property name="java.vendor.url" value="https://ubuntu.com/"/>
    <property name="user.timezone" value=""/>
    <property name="java.vm.specification.version" value="11"/>
    <property name="os.name" value="Linux"/>
    <property name="sun.java.launcher" value="SUN_STANDARD"/>
    <property name="sun.boot.library.path" value="/usr/lib/jvm/java-11-openjdk-amd64/lib"/>
    <property name="sun.java.command" value="/home/ilyes/ASR/csc5005/projetRule/demo/target/surefire/surefirebooter16189424284760631366.jar /home/ilyes/ASR/csc5005/projetRule/demo/target/surefire 2022-01-26T18-02-17_316-jvmRun1 surefire5091874207553837918tmp surefire_08001448731668818745tmp"/>
    <property name="jdk.debug" value="release"/>
    <property name="surefire.test.class.path" value="/home/ilyes/ASR/csc5005/projetRule/demo/target/test-classes:/home/ilyes/ASR/csc5005/projetRule/demo/target/classes:/home/ilyes/.m2/repository/com/googlecode/json-simple/json-simple/1.1.1/json-simple-1.1.1.jar:/home/ilyes/.m2/repository/com/google/code/gson/gson/2.8.9/gson-2.8.9.jar:/home/ilyes/.m2/repository/com/hp/hpl/jena/jena/2.6.4/jena-2.6.4.jar:/home/ilyes/.m2/repository/com/hp/hpl/jena/iri/0.8/iri-0.8.jar:/home/ilyes/.m2/repository/com/ibm/icu/icu4j/3.4.4/icu4j-3.4.4.jar:/home/ilyes/.m2/repository/xerces/xercesImpl/2.7.1/xercesImpl-2.7.1.jar:/home/ilyes/.m2/repository/org/slf4j/slf4j-api/1.5.8/slf4j-api-1.5.8.jar:/home/ilyes/.m2/repository/org/slf4j/slf4j-log4j12/1.5.8/slf4j-log4j12-1.5.8.jar:/home/ilyes/.m2/repository/junit/junit/4.11/junit-4.11.jar:/home/ilyes/.m2/repository/org/hamcrest/hamcrest-core/1.3/hamcrest-core-1.3.jar:/home/ilyes/.m2/repository/org/apache/jena/jena-shacl/4.3.2/jena-shacl-4.3.2.jar:/home/ilyes/.m2/repository/org/apache/jena/jena-arq/4.3.2/jena-arq-4.3.2.jar:/home/ilyes/.m2/repository/org/apache/jena/jena-core/4.3.2/jena-core-4.3.2.jar:/home/ilyes/.m2/repository/org/apache/jena/jena-base/4.3.2/jena-base-4.3.2.jar:/home/ilyes/.m2/repository/org/apache/jena/jena-shaded-guava/4.3.2/jena-shaded-guava-4.3.2.jar:/home/ilyes/.m2/repository/org/apache/commons/commons-csv/1.9.0/commons-csv-1.9.0.jar:/home/ilyes/.m2/repository/commons-codec/commons-codec/1.15/commons-codec-1.15.jar:/home/ilyes/.m2/repository/org/apache/commons/commons-compress/1.21/commons-compress-1.21.jar:/home/ilyes/.m2/repository/com/github/andrewoma/dexx/collection/0.7/collection-0.7.jar:/home/ilyes/.m2/repository/org/apache/jena/jena-iri/4.3.2/jena-iri-4.3.2.jar:/home/ilyes/.m2/repository/commons-cli/commons-cli/1.5.0/commons-cli-1.5.0.jar:/home/ilyes/.m2/repository/org/apache/httpcomponents/httpclient/4.5.13/httpclient-4.5.13.jar:/home/ilyes/.m2/repository/org/apache/httpcomponents/httpcore/4.4.13/httpcore-4.4.13.jar:/home/ilyes/.m2/repository/com/github/jsonld-java/jsonld-java/0.13.3/jsonld-java-0.13.3.jar:/home/ilyes/.m2/repository/commons-io/commons-io/2.8.0/commons-io-2.8.0.jar:/home/ilyes/.m2/repository/com/apicatalog/titanium-json-ld/1.1.0/titanium-json-ld-1.1.0.jar:/home/ilyes/.m2/repository/org/glassfish/jakarta.json/2.0.1/jakarta.json-2.0.1.jar:/home/ilyes/.m2/repository/com/fasterxml/jackson/core/jackson-core/2.13.0/jackson-core-2.13.0.jar:/home/ilyes/.m2/repository/com/fasterxml/jackson/core/jackson-databind/2.13.0/jackson-databind-2.13.0.jar:/home/ilyes/.m2/repository/com/fasterxml/jackson/core/jackson-annotations/2.13.0/jackson-annotations-2.13.0.jar:/home/ilyes/.m2/repository/org/apache/httpcomponents/httpclient-cache/4.5.13/httpclient-cache-4.5.13.jar:/home/ilyes/.m2/repository/com/google/protobuf/protobuf-java/3.17.3/protobuf-java-3.17.3.jar:/home/ilyes/.m2/repository/org/apache/thrift/libthrift/0.15.0/libthrift-0.15.0.jar:/home/ilyes/.m2/repository/javax/annotation/javax.annotation-api/1.3.2/javax.annotation-api-1.3.2.jar:/home/ilyes/.m2/repository/org/slf4j/jcl-over-slf4j/1.7.32/jcl-over-slf4j-1.7.32.jar:/home/ilyes/.m2/repository/org/apache/commons/commons-lang3/3.12.0/commons-lang3-3.12.0.jar:/home/ilyes/.m2/repository/org/apache/jena/jena-shex/4.3.2/jena-shex-4.3.2.jar:/home/ilyes/.m2/repository/org/apache/jena/jena-tdb/4.3.2/jena-tdb-4.3.2.jar:/home/ilyes/.m2/repository/org/apache/jena/jena-tdb2/4.3.2/jena-tdb2-4.3.2.jar:/home/ilyes/.m2/repository/org/apache/jena/jena-dboe-storage/4.3.2/jena-dboe-storage-4.3.2.jar:/home/ilyes/.m2/repository/org/apache/jena/jena-dboe-trans-data/4.3.2/jena-dboe-trans-data-4.3.2.jar:/home/ilyes/.m2/repository/org/apache/jena/jena-dboe-transaction/4.3.2/jena-dboe-transaction-4.3.2.jar:/home/ilyes/.m2/repository/org/apache/jena/jena-dboe-base/4.3.2/jena-dboe-base-4.3.2.jar:/home/ilyes/.m2/repository/org/apache/jena/jena-dboe-index/4.3.2/jena-dboe-index-4.3.2.jar:/home/ilyes/.m2/repository/org/apache/jena/jena-rdfconnection/4.3.2/jena-rdfconnection-4.3.2.jar:/home/ilyes/.m2/repository/log4j/log4j/1.2.17/log4j-1.2.17.jar:/home/ilyes/.m2/repository/com/hp/hpl/jena/arq/2.8.3/arq-2.8.3.jar:/home/ilyes/.m2/repository/org/codehaus/woodstox/wstx-asl/3.2.9/wstx-asl-3.2.9.jar:/home/ilyes/.m2/repository/stax/stax-api/1.0.1/stax-api-1.0.1.jar:/home/ilyes/.m2/repository/org/apache/lucene/lucene-core/2.3.1/lucene-core-2.3.1.jar:"/>
    <property name="sun.cpu.endian" value="little"/>
    <property name="user.home" value="/home/ilyes"/>
    <property name="user.language" value="en"/>
    <property name="java.specification.vendor" value="Oracle Corporation"/>
    <property name="java.version.date" value="2021-04-20"/>
    <property name="java.home" value="/usr/lib/jvm/java-11-openjdk-amd64"/>
    <property name="file.separator" value="/"/>
    <property name="basedir" value="/home/ilyes/ASR/csc5005/projetRule/demo"/>
    <property name="java.vm.compressedOopsMode" value="32-bit"/>
    <property name="line.separator" value="&#10;"/>
    <property name="java.specification.name" value="Java Platform API Specification"/>
    <property name="java.vm.specification.vendor" value="Oracle Corporation"/>
    <property name="java.awt.graphicsenv" value="sun.awt.X11GraphicsEnvironment"/>
    <property name="surefire.real.class.path" value="/home/ilyes/ASR/csc5005/projetRule/demo/target/surefire/surefirebooter16189424284760631366.jar"/>
    <property name="sun.management.compiler" value="HotSpot 64-Bit Tiered Compilers"/>
    <property name="java.runtime.version" value="11.0.11+9-Ubuntu-0ubuntu2.20.04"/>
    <property name="user.name" value="ilyes"/>
    <property name="path.separator" value=":"/>
    <property name="os.version" value="5.10.16.3-microsoft-standard-WSL2"/>
    <property name="java.runtime.name" value="OpenJDK Runtime Environment"/>
    <property name="file.encoding" value="UTF-8"/>
    <property name="java.vm.name" value="OpenJDK 64-Bit Server VM"/>
    <property name="localRepository" value="/home/ilyes/.m2/repository"/>
    <property name="java.vendor.url.bug" value="https://bugs.launchpad.net/ubuntu/+source/openjdk-lts"/>
    <property name="java.io.tmpdir" value="/tmp"/>
    <property name="java.version" value="11.0.11"/>
    <property name="user.dir" value="/home/ilyes/ASR/csc5005/projetRule/demo"/>
    <property name="os.arch" value="amd64"/>
    <property name="java.vm.specification.name" value="Java Virtual Machine Specification"/>
    <property name="java.awt.printerjob" value="sun.print.PSPrinterJob"/>
    <property name="sun.os.patch.level" value="unknown"/>
    <property name="java.library.path" value="/usr/java/packages/lib:/usr/lib/x86_64-linux-gnu/jni:/lib/x86_64-linux-gnu:/usr/lib/x86_64-linux-gnu:/usr/lib/jni:/lib:/usr/lib"/>
    <property name="java.vm.info" value="mixed mode"/>
    <property name="java.vendor" value="Ubuntu"/>
    <property name="java.vm.version" value="11.0.11+9-Ubuntu-0ubuntu2.20.04"/>
    <property name="sun.io.unicode.encoding" value="UnicodeLittle"/>
    <property name="java.class.version" value="55.0"/>
  </properties>
  <testcase name="shouldAnswerWithTrue" classname="com.itsudparis.application.AppTest" time="0.01"/>
</testsuite>